Ultimate Trading Terminal Initialized.
Ultimate Trading Terminal Initialized.
Fetching Spot portfolio data...
Fetching Spot portfolio data...
Failed to fetch Spot portfolio data: string indices must be integers, not 'str'
Failed to fetch Spot portfolio data: string indices must be integers, not 'str'
Ultimate Trading Terminal Initialized.
Ultimate Trading Terminal Initialized.
Fetching Spot portfolio data...
Fetching Spot portfolio data...
Failed to fetch Spot portfolio data: string indices must be integers, not 'str'
Failed to fetch Spot portfolio data: string indices must be integers, not 'str'
Ultimate Trading Terminal Initialized.
Ultimate Trading Terminal Initialized.
Fetching Spot portfolio data...
Fetching Spot portfolio data...
Failed to fetch Spot portfolio data: string indices must be integers, not 'str'
Failed to fetch Spot portfolio data: string indices must be integers, not 'str'
Fetching Spot portfolio data...
Fetching Spot portfolio data...
Failed to fetch Spot portfolio data: string indices must be integers, not 'str'
Failed to fetch Spot portfolio data: string indices must be integers, not 'str'
Fetching Spot portfolio data...
Fetching Spot portfolio data...
Failed to fetch Spot portfolio data: string indices must be integers, not 'str'
Failed to fetch Spot portfolio data: string indices must be integers, not 'str'
Fetching Spot portfolio data...
Fetching Spot portfolio data...
Failed to fetch Spot portfolio data: string indices must be integers, not 'str'
Failed to fetch Spot portfolio data: string indices must be integers, not 'str'
Fetching Spot portfolio data...
Fetching Spot portfolio data...
Failed to fetch Spot portfolio data: string indices must be integers, not 'str'
Failed to fetch Spot portfolio data: string indices must be integers, not 'str'
Fetching Spot portfolio data...
Fetching Spot portfolio data...
Failed to fetch Spot portfolio data: string indices must be integers, not 'str'
Failed to fetch Spot portfolio data: string indices must be integers, not 'str'
Fetching Spot portfolio data...
Fetching Spot portfolio data...
Failed to fetch Spot portfolio data: string indices must be integers, not 'str'
Failed to fetch Spot portfolio data: string indices must be integers, not 'str'
Fetching Spot portfolio data...
Fetching Spot portfolio data...
Failed to fetch Spot portfolio data: string indices must be integers, not 'str'
Failed to fetch Spot portfolio data: string indices must be integers, not 'str'
Fetching Spot portfolio data...
Fetching Spot portfolio data...
Failed to fetch Spot portfolio data: string indices must be integers, not 'str'
Failed to fetch Spot portfolio data: string indices must be integers, not 'str'
Fetching Spot portfolio data...
Fetching Spot portfolio data...
Failed to fetch Spot portfolio data: string indices must be integers, not 'str'
Failed to fetch Spot portfolio data: string indices must be integers, not 'str'
Fetching Spot portfolio data...
Fetching Spot portfolio data...
Failed to fetch Spot portfolio data: string indices must be integers, not 'str'
Failed to fetch Spot portfolio data: string indices must be integers, not 'str'
Fetching Spot portfolio data...
Fetching Spot portfolio data...
Failed to fetch Spot portfolio data: string indices must be integers, not 'str'
Failed to fetch Spot portfolio data: string indices must be integers, not 'str'
Fetching Spot portfolio data...
Fetching Spot portfolio data...
Failed to fetch Spot portfolio data: string indices must be integers, not 'str'
Failed to fetch Spot portfolio data: string indices must be integers, not 'str'
Fetching Spot portfolio data...
Fetching Spot portfolio data...
Failed to fetch Spot portfolio data: string indices must be integers, not 'str'
Failed to fetch Spot portfolio data: string indices must be integers, not 'str'
Fetching Spot portfolio data...
Fetching Spot portfolio data...
Failed to fetch Spot portfolio data: string indices must be integers, not 'str'
Failed to fetch Spot portfolio data: string indices must be integers, not 'str'
Fetching Spot portfolio data...
Fetching Spot portfolio data...
Failed to fetch Spot portfolio data: string indices must be integers, not 'str'
Failed to fetch Spot portfolio data: string indices must be integers, not 'str'
Fetching Spot portfolio data...
Fetching Spot portfolio data...
Failed to fetch Spot portfolio data: string indices must be integers, not 'str'
Failed to fetch Spot portfolio data: string indices must be integers, not 'str'
Fetching Spot portfolio data...
Fetching Spot portfolio data...
Failed to fetch Spot portfolio data: string indices must be integers, not 'str'
Failed to fetch Spot portfolio data: string indices must be integers, not 'str'
Fetching Spot portfolio data...
Fetching Spot portfolio data...
Failed to fetch Spot portfolio data: string indices must be integers, not 'str'
Failed to fetch Spot portfolio data: string indices must be integers, not 'str'
Fetching Spot portfolio data...
Fetching Spot portfolio data...
Failed to fetch Spot portfolio data: string indices must be integers, not 'str'
Failed to fetch Spot portfolio data: string indices must be integers, not 'str'
Fetching Spot portfolio data...
Fetching Spot portfolio data...
Failed to fetch Spot portfolio data: string indices must be integers, not 'str'
Failed to fetch Spot portfolio data: string indices must be integers, not 'str'
Fetching Spot portfolio data...
Fetching Spot portfolio data...
Failed to fetch Spot portfolio data: string indices must be integers, not 'str'
Failed to fetch Spot portfolio data: string indices must be integers, not 'str'
Fetching Spot portfolio data...
Fetching Spot portfolio data...
Failed to fetch Spot portfolio data: string indices must be integers, not 'str'
Failed to fetch Spot portfolio data: string indices must be integers, not 'str'
Fetching Spot portfolio data...
Fetching Spot portfolio data...
Failed to fetch Spot portfolio data: string indices must be integers, not 'str'
Failed to fetch Spot portfolio data: string indices must be integers, not 'str'
Fetching Spot portfolio data...
Fetching Spot portfolio data...
Failed to fetch Spot portfolio data: string indices must be integers, not 'str'
Failed to fetch Spot portfolio data: string indices must be integers, not 'str'
Fetching Spot portfolio data...
Fetching Spot portfolio data...
Failed to fetch Spot portfolio data: string indices must be integers, not 'str'
Failed to fetch Spot portfolio data: string indices must be integers, not 'str'
Fetching Spot portfolio data...
Fetching Spot portfolio data...
Failed to fetch Spot portfolio data: string indices must be integers, not 'str'
Failed to fetch Spot portfolio data: string indices must be integers, not 'str'
Fetching Spot portfolio data...
Fetching Spot portfolio data...
Failed to fetch Spot portfolio data: string indices must be integers, not 'str'
Failed to fetch Spot portfolio data: string indices must be integers, not 'str'
Fetching Spot portfolio data...
Fetching Spot portfolio data...
Failed to fetch Spot portfolio data: string indices must be integers, not 'str'
Failed to fetch Spot portfolio data: string indices must be integers, not 'str'
Fetching Spot portfolio data...
Fetching Spot portfolio data...
Failed to fetch Spot portfolio data: string indices must be integers, not 'str'
Failed to fetch Spot portfolio data: string indices must be integers, not 'str'
Fetching Spot portfolio data...
Fetching Spot portfolio data...
Failed to fetch Spot portfolio data: string indices must be integers, not 'str'
Failed to fetch Spot portfolio data: string indices must be integers, not 'str'
Fetching Spot portfolio data...
Fetching Spot portfolio data...
Failed to fetch Spot portfolio data: string indices must be integers, not 'str'
Failed to fetch Spot portfolio data: string indices must be integers, not 'str'
Fetching Spot portfolio data...
Fetching Spot portfolio data...
Failed to fetch Spot portfolio data: string indices must be integers, not 'str'
Failed to fetch Spot portfolio data: string indices must be integers, not 'str'
Fetching Spot portfolio data...
Fetching Spot portfolio data...
Failed to fetch Spot portfolio data: string indices must be integers, not 'str'
Failed to fetch Spot portfolio data: string indices must be integers, not 'str'
Ultimate Trading Terminal Initialized.
Ultimate Trading Terminal Initialized.
Fetching Spot portfolio data...
Fetching Spot portfolio data...
Spot portfolio data fetched successfully.
Spot portfolio data fetched successfully.
Fetching Spot portfolio data...
Fetching Spot portfolio data...
Spot portfolio data fetched successfully.
Spot portfolio data fetched successfully.
Fetching Spot portfolio data...
Fetching Spot portfolio data...
Spot portfolio data fetched successfully.
Spot portfolio data fetched successfully.
Fetching Spot portfolio data...
Fetching Spot portfolio data...
Spot portfolio data fetched successfully.
Spot portfolio data fetched successfully.
Fetching Spot portfolio data...
Fetching Spot portfolio data...
Spot portfolio data fetched successfully.
Spot portfolio data fetched successfully.
Fetching Spot portfolio data...
Fetching Spot portfolio data...
Spot portfolio data fetched successfully.
Spot portfolio data fetched successfully.
Fetching Spot portfolio data...
Fetching Spot portfolio data...
Spot portfolio data fetched successfully.
Spot portfolio data fetched successfully.
Fetching Spot portfolio data...
Fetching Spot portfolio data...
Spot portfolio data fetched successfully.
Spot portfolio data fetched successfully.
Fetching Spot portfolio data...
Fetching Spot portfolio data...
Spot portfolio data fetched successfully.
Spot portfolio data fetched successfully.
Fetching Spot portfolio data...
Fetching Spot portfolio data...
Spot portfolio data fetched successfully.
Spot portfolio data fetched successfully.
Could not fetch symbol list from Binance API: 'contractType'
Could not fetch symbol list from Binance API: 'contractType'
Ultimate Trading Terminal Initialized.
Ultimate Trading Terminal Initialized.
Fetching Spot portfolio data...
Fetching Spot portfolio data...
Spot portfolio data fetched successfully.
Spot portfolio data fetched successfully.
Fetching Spot portfolio data...
Fetching Spot portfolio data...
Spot portfolio data fetched successfully.
Spot portfolio data fetched successfully.
Fetching Spot portfolio data...
Fetching Spot portfolio data...
Spot portfolio data fetched successfully.
Spot portfolio data fetched successfully.
Fetching Spot portfolio data...
Fetching Spot portfolio data...
Spot portfolio data fetched successfully.
Spot portfolio data fetched successfully.
Fetching Spot portfolio data...
Fetching Spot portfolio data...
Spot portfolio data fetched successfully.
Spot portfolio data fetched successfully.
Fetching Spot portfolio data...
Fetching Spot portfolio data...
Spot portfolio data fetched successfully.
Spot portfolio data fetched successfully.
Fetching Spot portfolio data...
Fetching Spot portfolio data...
Spot portfolio data fetched successfully.
Spot portfolio data fetched successfully.
Fetching Spot portfolio data...
Fetching Spot portfolio data...
Spot portfolio data fetched successfully.
Spot portfolio data fetched successfully.
Fetching Spot portfolio data...
Fetching Spot portfolio data...
Spot portfolio data fetched successfully.
Spot portfolio data fetched successfully.
Fetching Spot portfolio data...
Fetching Spot portfolio data...
Spot portfolio data fetched successfully.
Spot portfolio data fetched successfully.
Fetching Spot portfolio data...
Fetching Spot portfolio data...
Spot portfolio data fetched successfully.
Spot portfolio data fetched successfully.
Fetching Spot portfolio data...
Fetching Spot portfolio data...
Spot portfolio data fetched successfully.
Spot portfolio data fetched successfully.
Ultimate Trading Terminal Initialized.
Ultimate Trading Terminal Initialized.
Fetching Spot portfolio data...
Fetching Spot portfolio data...
Spot portfolio data fetched successfully.
Spot portfolio data fetched successfully.
Fetching Spot portfolio data...
Fetching Spot portfolio data...
Spot portfolio data fetched successfully.
Spot portfolio data fetched successfully.
Fetching Spot portfolio data...
Fetching Spot portfolio data...
Spot portfolio data fetched successfully.
Spot portfolio data fetched successfully.
Fetching Spot portfolio data...
Fetching Spot portfolio data...
Spot portfolio data fetched successfully.
Spot portfolio data fetched successfully.
Fetching Spot portfolio data...
Fetching Spot portfolio data...
Spot portfolio data fetched successfully.
Spot portfolio data fetched successfully.
Fetching Spot portfolio data...
Fetching Spot portfolio data...
Spot portfolio data fetched successfully.
Spot portfolio data fetched successfully.
Fetching Spot portfolio data...
Fetching Spot portfolio data...
Spot portfolio data fetched successfully.
Spot portfolio data fetched successfully.
Fetching Spot portfolio data...
Fetching Spot portfolio data...
Spot portfolio data fetched successfully.
Spot portfolio data fetched successfully.
Fetching Spot portfolio data...
Fetching Spot portfolio data...
Spot portfolio data fetched successfully.
Spot portfolio data fetched successfully.
Fetching Spot portfolio data...
Fetching Spot portfolio data...
Spot portfolio data fetched successfully.
Spot portfolio data fetched successfully.
Fetching Spot portfolio data...
Fetching Spot portfolio data...
Spot portfolio data fetched successfully.
Spot portfolio data fetched successfully.
Fetching Spot portfolio data...
Fetching Spot portfolio data...
Spot portfolio data fetched successfully.
Spot portfolio data fetched successfully.
Fetching Spot portfolio data...
Fetching Spot portfolio data...
Spot portfolio data fetched successfully.
Spot portfolio data fetched successfully.
Fetching Spot portfolio data...
Fetching Spot portfolio data...
Spot portfolio data fetched successfully.
Spot portfolio data fetched successfully.
Fetching Spot portfolio data...
Fetching Spot portfolio data...
Spot portfolio data fetched successfully.
Spot portfolio data fetched successfully.
Ultimate Trading Terminal Initialized.
2025-09-10T13:22:19.387933 | {'mode': 'backtest', 'orderType': 'LIMIT', 'symbol': 'BTCUSDT', 'side': 'BUY', 'qty': 0.001, 'limit_price': 1000.0, 'fill_price': 0.44868, 'status': 'FILLED', 'timestamp': '2023-11-14 22:13:20'}
Ultimate Trading Terminal Initialized.
2025-09-10T13:35:19.054934 | {'mode': 'backtest', 'orderType': 'LIMIT', 'symbol': 'BTCUSDT', 'side': 'BUY', 'qty': 0.0001, 'limit_price': 250000.0, 'fill_price': 1898.6, 'status': 'FILLED', 'timestamp': '2023-03-28 10:40:00'}
Starting SMART TWAP: 0.001 BTCUSDT over ~1 mins in 6 slices.
Error in TWAP slice 1/6: 'avgPrice'
Waiting 11.55 seconds for next TWAP slice.
Error in TWAP slice 2/6: 'avgPrice'
Waiting 8.29 seconds for next TWAP slice.
Error in TWAP slice 3/6: 'avgPrice'
Waiting 11.93 seconds for next TWAP slice.
Error in TWAP slice 4/6: 'avgPrice'
Waiting 10.29 seconds for next TWAP slice.
Error in TWAP slice 5/6: 'avgPrice'
Waiting 10.14 seconds for next TWAP slice.
Error in TWAP slice 6/6: 'avgPrice'
TWAP execution finished. Total filled: 0 / 0.001
Ultimate Trading Terminal Initialized.
Ultimate Trading Terminal Initialized.
Starting SMART TWAP: 0.0001 BTCUSDT over ~1 mins in 6 slices.
TWAP slice 1/6 failed: 400 Client Error: Bad Request for url: https://testnet.binance.vision/api/v3/order?symbol=BTCUSDT&side=BUY&type=MARKET&quantity=1e-05&timestamp=1757492108232&recvWindow=5000&signature=84573df13ed994639d187ac3ee99a4aa914f7e0a91fc50868d1d78f48ccdb0e5
TWAP: waiting 10.21s before slice 2/6
TWAP slice 2/6 failed: 400 Client Error: Bad Request for url: https://testnet.binance.vision/api/v3/order?symbol=BTCUSDT&side=BUY&type=MARKET&quantity=1e-05&timestamp=1757492119077&recvWindow=5000&signature=2d31d4e9ece8a5442be725f2192310c31d692ffd2a42ed927efbd414ac594123
TWAP: waiting 10.83s before slice 3/6
TWAP slice 3/6 failed: 400 Client Error: Bad Request for url: https://testnet.binance.vision/api/v3/order?symbol=BTCUSDT&side=BUY&type=MARKET&quantity=1e-05&timestamp=1757492130549&recvWindow=5000&signature=7ec918c0e3c14a41fd8ab6b00c662d9fe1126549642d52311977182f357ab4b2
TWAP: waiting 9.70s before slice 4/6
TWAP slice 4/6 failed: 400 Client Error: Bad Request for url: https://testnet.binance.vision/api/v3/order?symbol=BTCUSDT&side=BUY&type=MARKET&quantity=1e-05&timestamp=1757492140912&recvWindow=5000&signature=405ff9b17de8dc865b9a0ca6a67e8c3e9d288ff37de40d8162f6e498b8b3aae6
TWAP: waiting 9.80s before slice 5/6
TWAP slice 5/6 failed: 400 Client Error: Bad Request for url: https://testnet.binance.vision/api/v3/order?symbol=BTCUSDT&side=BUY&type=MARKET&quantity=1e-05&timestamp=1757492151330&recvWindow=5000&signature=fda87278a363eea3ef4b9c0d6c79f41f5c5e395126783adffc3b575479b9862c
TWAP: waiting 10.82s before slice 6/6
TWAP slice 6/6 failed: 400 Client Error: Bad Request for url: https://testnet.binance.vision/api/v3/order?symbol=BTCUSDT&side=BUY&type=MARKET&quantity=1e-05&timestamp=1757492162801&recvWindow=5000&signature=95e66c8111de16f52aab4d68bfb9cfb256ad3dea0a172ccef3c31c98b75c19df
TWAP finished. Total filled: 0 / 0.0001
Ultimate Trading Terminal Initialized.
Placing monitored OCO for BTCUSDT: qty=0.001, side=BUY, TP=60000.0, SL=58000.0
OCO TP placed: {'symbol': 'BTCUSDT', 'orderId': 740043, 'orderListId': -1, 'clientOrderId': 'kwfk2hzlxvQrCOabyzaTVI', 'transactTime': 1757492569123, 'price': '60000.00000000', 'origQty': '0.00100000', 'executedQty': '0.00000000', 'origQuoteOrderQty': '0.00000000', 'cummulativeQuoteQty': '0.00000000', 'status': 'NEW', 'timeInForce': 'GTC', 'type': 'LIMIT', 'side': 'BUY', 'workingTime': 1757492569123, 'fills': [], 'selfTradePreventionMode': 'EXPIRE_MAKER'}
Failed to place monitored OCO: 400 Client Error: Bad Request for url: https://testnet.binance.vision/api/v3/order?symbol=BTCUSDT&side=SELL&type=STOP_MARKET&quantity=0.001&stopPrice=58000.0&closePosition=False&timestamp=1757492568749&recvWindow=5000&signature=e58783a69c6504398b2b5859bddd0f85b20768b1c7e6cd4e95c1e62f26049459. Attempting cleanup.
Cancelled orphaned order 740043
API Call Failed: place_oco_monitored - 400 Client Error: Bad Request for url: https://testnet.binance.vision/api/v3/order?symbol=BTCUSDT&side=SELL&type=STOP_MARKET&quantity=0.001&stopPrice=58000.0&closePosition=False&timestamp=1757492568749&recvWindow=5000&signature=e58783a69c6504398b2b5859bddd0f85b20768b1c7e6cd4e95c1e62f26049459
Ultimate Trading Terminal Initialized.
API Call Failed: place_oco - Expecting value: line 1 column 1 (char 0)
Ultimate Trading Terminal Initialized.
Ultimate Trading Terminal Initialized.
Fetching Spot portfolio data...
Spot portfolio data fetched successfully.
Fetching Spot portfolio data...
Spot portfolio data fetched successfully.
Fetching Spot portfolio data...
Spot portfolio data fetched successfully.
Fetching Spot portfolio data...
Spot portfolio data fetched successfully.
Fetching Spot portfolio data...
Spot portfolio data fetched successfully.
Fetching Spot portfolio data...
Spot portfolio data fetched successfully.
Fetching Spot portfolio data...
Spot portfolio data fetched successfully.
Fetching Spot portfolio data...
Spot portfolio data fetched successfully.
Placing monitored OCO for BTCUSDT: qty=0.001, side=BUY, TP=35000, SL=34000
Failed to place monitored OCO: 'float' object is not subscriptable. Attempting cleanup.
Placing monitored OCO for BTCUSDT: qty=0.001, side=BUY, TP=35000, SL=34000
OCO TP placed: {'symbol': 'BTCUSDT', 'orderId': 746549, 'orderListId': -1, 'clientOrderId': '9tVKeK7kvkaceqFVnEXm67', 'transactTime': 1757495492439, 'price': '35000.00000000', 'origQty': '0.00100000', 'executedQty': '0.00000000', 'origQuoteOrderQty': '0.00000000', 'cummulativeQuoteQty': '0.00000000', 'status': 'NEW', 'timeInForce': 'GTC', 'type': 'LIMIT', 'side': 'BUY', 'workingTime': 1757495492439, 'fills': [], 'selfTradePreventionMode': 'EXPIRE_MAKER'}
OCO SL placed: {'symbol': 'BTCUSDT', 'orderId': 746551, 'orderListId': -1, 'clientOrderId': 'Wq9gW3ppVmi7XYJrqN03s7', 'transactTime': 1757495492758}
OCOManager starting monitor for TP=746549, SL=746551 on BTCUSDT
Placing monitored OCO for BTCUSDT: qty=0.001, side=BUY, TP=35000, SL=34000
OCO TP placed: {'symbol': 'BTCUSDT', 'orderId': 746942, 'orderListId': -1, 'clientOrderId': 'M92TUf6dBcoGSsl1k4xwbR', 'transactTime': 1757495732671, 'price': '35000.00000000', 'origQty': '0.00100000', 'executedQty': '0.00000000', 'origQuoteOrderQty': '0.00000000', 'cummulativeQuoteQty': '0.00000000', 'status': 'NEW', 'timeInForce': 'GTC', 'type': 'LIMIT', 'side': 'BUY', 'workingTime': 1757495732671, 'fills': [], 'selfTradePreventionMode': 'EXPIRE_MAKER'}
OCO SL placed: {'symbol': 'BTCUSDT', 'orderId': 746943, 'orderListId': -1, 'clientOrderId': '5a2oVrLuCNSf0Jnyedqadj', 'transactTime': 1757495732984}
OCOManager starting monitor for TP=746942, SL=746943 on BTCUSDT
Ultimate Trading Terminal Initialized.
API Call Failed: place_oco - Expecting value: line 1 column 1 (char 0)
Ultimate Trading Terminal Initialized.
Fetching Spot portfolio data...
Spot portfolio data fetched successfully.
Fetching Spot portfolio data...
Spot portfolio data fetched successfully.
Fetching Spot portfolio data...
Spot portfolio data fetched successfully.
Fetching Spot portfolio data...
Spot portfolio data fetched successfully.
Fetching Spot portfolio data...
Spot portfolio data fetched successfully.
Fetching Spot portfolio data...
Spot portfolio data fetched successfully.
Fetching Spot portfolio data...
Spot portfolio data fetched successfully.
Fetching Spot portfolio data...
Spot portfolio data fetched successfully.
Fetching Spot portfolio data...
Spot portfolio data fetched successfully.
Fetching Spot portfolio data...
Spot portfolio data fetched successfully.
Fetching Spot portfolio data...
Spot portfolio data fetched successfully.
Fetching Spot portfolio data...
Spot portfolio data fetched successfully.
Fetching Spot portfolio data...
Spot portfolio data fetched successfully.
Fetching Spot portfolio data...
Spot portfolio data fetched successfully.
Fetching Spot portfolio data...
Spot portfolio data fetched successfully.
Fetching Spot portfolio data...
Spot portfolio data fetched successfully.
Fetching Spot portfolio data...
Spot portfolio data fetched successfully.
Fetching Spot portfolio data...
Spot portfolio data fetched successfully.
Fetching Spot portfolio data...
Spot portfolio data fetched successfully.
Fetching Spot portfolio data...
Spot portfolio data fetched successfully.
Fetching Spot portfolio data...
Spot portfolio data fetched successfully.
Fetching Spot portfolio data...
Spot portfolio data fetched successfully.
Fetching Spot portfolio data...
Spot portfolio data fetched successfully.
Fetching Spot portfolio data...
Spot portfolio data fetched successfully.
Fetching Spot portfolio data...
Spot portfolio data fetched successfully.
Fetching Spot portfolio data...
Spot portfolio data fetched successfully.
Fetching Spot portfolio data...
Spot portfolio data fetched successfully.
Fetching Spot portfolio data...
Spot portfolio data fetched successfully.
Fetching Spot portfolio data...
Spot portfolio data fetched successfully.
Fetching Spot portfolio data...
Spot portfolio data fetched successfully.
Fetching Spot portfolio data...
Spot portfolio data fetched successfully.
Fetching Spot portfolio data...
Spot portfolio data fetched successfully.
Fetching Spot portfolio data...
Spot portfolio data fetched successfully.
Fetching Spot portfolio data...
Spot portfolio data fetched successfully.
Fetching Spot portfolio data...
Spot portfolio data fetched successfully.
Fetching Spot portfolio data...
Spot portfolio data fetched successfully.
Fetching Spot portfolio data...
Spot portfolio data fetched successfully.
Fetching Spot portfolio data...
Spot portfolio data fetched successfully.
Fetching Spot portfolio data...
Spot portfolio data fetched successfully.
Fetching Spot portfolio data...
Spot portfolio data fetched successfully.
Fetching Spot portfolio data...
Spot portfolio data fetched successfully.
Fetching Spot portfolio data...
Spot portfolio data fetched successfully.
Fetching Spot portfolio data...
Spot portfolio data fetched successfully.
Fetching Spot portfolio data...
Spot portfolio data fetched successfully.
Fetching Spot portfolio data...
Spot portfolio data fetched successfully.
Fetching Spot portfolio data...
Spot portfolio data fetched successfully.
Fetching Spot portfolio data...
Spot portfolio data fetched successfully.
Fetching Spot portfolio data...
Spot portfolio data fetched successfully.
Fetching Spot portfolio data...
Spot portfolio data fetched successfully.
Fetching Spot portfolio data...
Spot portfolio data fetched successfully.
Fetching Spot portfolio data...
Spot portfolio data fetched successfully.
Fetching Spot portfolio data...
Spot portfolio data fetched successfully.
Fetching Spot portfolio data...
Spot portfolio data fetched successfully.
Fetching Spot portfolio data...
Spot portfolio data fetched successfully.
Fetching Spot portfolio data...
Spot portfolio data fetched successfully.
Fetching Spot portfolio data...
Spot portfolio data fetched successfully.
Fetching Spot portfolio data...
Spot portfolio data fetched successfully.
Fetching Spot portfolio data...
Spot portfolio data fetched successfully.
Fetching Spot portfolio data...
Spot portfolio data fetched successfully.
Fetching Spot portfolio data...
Spot portfolio data fetched successfully.
Fetching Spot portfolio data...
Spot portfolio data fetched successfully.
Fetching Spot portfolio data...
Spot portfolio data fetched successfully.
Fetching Spot portfolio data...
Spot portfolio data fetched successfully.
Fetching Spot portfolio data...
Spot portfolio data fetched successfully.
Fetching Spot portfolio data...
Spot portfolio data fetched successfully.
Fetching Spot portfolio data...
Spot portfolio data fetched successfully.
Fetching Spot portfolio data...
Spot portfolio data fetched successfully.
Fetching Spot portfolio data...
Spot portfolio data fetched successfully.
Fetching Spot portfolio data...
Spot portfolio data fetched successfully.
Fetching Spot portfolio data...
Spot portfolio data fetched successfully.
Fetching Spot portfolio data...
Spot portfolio data fetched successfully.
Fetching Spot portfolio data...
Spot portfolio data fetched successfully.
Fetching Spot portfolio data...
Spot portfolio data fetched successfully.
Fetching Spot portfolio data...
Spot portfolio data fetched successfully.
Fetching Spot portfolio data...
Spot portfolio data fetched successfully.
Fetching Spot portfolio data...
Spot portfolio data fetched successfully.
Fetching Spot portfolio data...
Spot portfolio data fetched successfully.
Fetching Spot portfolio data...
Spot portfolio data fetched successfully.
Fetching Spot portfolio data...
Spot portfolio data fetched successfully.
Fetching Spot portfolio data...
Spot portfolio data fetched successfully.
Fetching Spot portfolio data...
Spot portfolio data fetched successfully.
Fetching Spot portfolio data...
Spot portfolio data fetched successfully.
Fetching Spot portfolio data...
Spot portfolio data fetched successfully.
Fetching Spot portfolio data...
Spot portfolio data fetched successfully.
Fetching Spot portfolio data...
Spot portfolio data fetched successfully.
Fetching Spot portfolio data...
Spot portfolio data fetched successfully.
Fetching Spot portfolio data...
Spot portfolio data fetched successfully.
Fetching Spot portfolio data...
Spot portfolio data fetched successfully.
Fetching Spot portfolio data...
Spot portfolio data fetched successfully.
Fetching Spot portfolio data...
Spot portfolio data fetched successfully.
Fetching Spot portfolio data...
Spot portfolio data fetched successfully.
Fetching Spot portfolio data...
Spot portfolio data fetched successfully.
Fetching Spot portfolio data...
Spot portfolio data fetched successfully.
Fetching Spot portfolio data...
Spot portfolio data fetched successfully.
Fetching Spot portfolio data...
Spot portfolio data fetched successfully.
Fetching Spot portfolio data...
Spot portfolio data fetched successfully.
Fetching Spot portfolio data...
Spot portfolio data fetched successfully.
Fetching Spot portfolio data...
Spot portfolio data fetched successfully.
Fetching Spot portfolio data...
Spot portfolio data fetched successfully.
Fetching Spot portfolio data...
Spot portfolio data fetched successfully.
Fetching Spot portfolio data...
Spot portfolio data fetched successfully.
Fetching Spot portfolio data...
Spot portfolio data fetched successfully.
Fetching Spot portfolio data...
Spot portfolio data fetched successfully.
Fetching Spot portfolio data...
Spot portfolio data fetched successfully.
Fetching Spot portfolio data...
Spot portfolio data fetched successfully.
Fetching Spot portfolio data...
Spot portfolio data fetched successfully.
Fetching Spot portfolio data...
Spot portfolio data fetched successfully.
Fetching Spot portfolio data...
Spot portfolio data fetched successfully.
Fetching Spot portfolio data...
Spot portfolio data fetched successfully.
Fetching Spot portfolio data...
Spot portfolio data fetched successfully.
Fetching Spot portfolio data...
Spot portfolio data fetched successfully.
Fetching Spot portfolio data...
Spot portfolio data fetched successfully.
Fetching Spot portfolio data...
Spot portfolio data fetched successfully.
Fetching Spot portfolio data...
Spot portfolio data fetched successfully.
Fetching Spot portfolio data...
Spot portfolio data fetched successfully.
Fetching Spot portfolio data...
Spot portfolio data fetched successfully.
Fetching Spot portfolio data...
Spot portfolio data fetched successfully.
Fetching Spot portfolio data...
Spot portfolio data fetched successfully.
Fetching Spot portfolio data...
Spot portfolio data fetched successfully.
Fetching Spot portfolio data...
Spot portfolio data fetched successfully.
Fetching Spot portfolio data...
Spot portfolio data fetched successfully.
Fetching Spot portfolio data...
Spot portfolio data fetched successfully.
Fetching Spot portfolio data...
Spot portfolio data fetched successfully.
Fetching Spot portfolio data...
Spot portfolio data fetched successfully.
Fetching Spot portfolio data...
Spot portfolio data fetched successfully.
Fetching Spot portfolio data...
Spot portfolio data fetched successfully.
Fetching Spot portfolio data...
Spot portfolio data fetched successfully.
Fetching Spot portfolio data...
Spot portfolio data fetched successfully.
Fetching Spot portfolio data...
Spot portfolio data fetched successfully.
Fetching Spot portfolio data...
Spot portfolio data fetched successfully.
Fetching Spot portfolio data...
Spot portfolio data fetched successfully.
Fetching Spot portfolio data...
Spot portfolio data fetched successfully.
Fetching Spot portfolio data...
Spot portfolio data fetched successfully.
Fetching Spot portfolio data...
Spot portfolio data fetched successfully.
Fetching Spot portfolio data...
Spot portfolio data fetched successfully.
Fetching Spot portfolio data...
Spot portfolio data fetched successfully.
Fetching Spot portfolio data...
Spot portfolio data fetched successfully.
Fetching Spot portfolio data...
Spot portfolio data fetched successfully.
Fetching Spot portfolio data...
Spot portfolio data fetched successfully.
Fetching Spot portfolio data...
Spot portfolio data fetched successfully.
Fetching Spot portfolio data...
Spot portfolio data fetched successfully.
Fetching Spot portfolio data...
Spot portfolio data fetched successfully.
Fetching Spot portfolio data...
Spot portfolio data fetched successfully.
Fetching Spot portfolio data...
Spot portfolio data fetched successfully.
Fetching Spot portfolio data...
Spot portfolio data fetched successfully.
Fetching Spot portfolio data...
Spot portfolio data fetched successfully.
Fetching Spot portfolio data...
Spot portfolio data fetched successfully.
Fetching Spot portfolio data...
Spot portfolio data fetched successfully.
Fetching Spot portfolio data...
Spot portfolio data fetched successfully.
Fetching Spot portfolio data...
Spot portfolio data fetched successfully.
Fetching Spot portfolio data...
Spot portfolio data fetched successfully.
Fetching Spot portfolio data...
Spot portfolio data fetched successfully.
Fetching Spot portfolio data...
Spot portfolio data fetched successfully.
Fetching Spot portfolio data...
Spot portfolio data fetched successfully.
Fetching Spot portfolio data...
Spot portfolio data fetched successfully.
Fetching Spot portfolio data...
Spot portfolio data fetched successfully.
Fetching Spot portfolio data...
Spot portfolio data fetched successfully.
Fetching Spot portfolio data...
Spot portfolio data fetched successfully.
Fetching Spot portfolio data...
Spot portfolio data fetched successfully.
Fetching Spot portfolio data...
Spot portfolio data fetched successfully.
Fetching Spot portfolio data...
Spot portfolio data fetched successfully.
Fetching Spot portfolio data...
Spot portfolio data fetched successfully.
Fetching Spot portfolio data...
Spot portfolio data fetched successfully.
Fetching Spot portfolio data...
Spot portfolio data fetched successfully.
Fetching Spot portfolio data...
Spot portfolio data fetched successfully.
Fetching Spot portfolio data...
Spot portfolio data fetched successfully.
Fetching Spot portfolio data...
Spot portfolio data fetched successfully.
Fetching Spot portfolio data...
Spot portfolio data fetched successfully.
Fetching Spot portfolio data...
Spot portfolio data fetched successfully.
Fetching Spot portfolio data...
Spot portfolio data fetched successfully.
Fetching Spot portfolio data...
Spot portfolio data fetched successfully.
Fetching Spot portfolio data...
Spot portfolio data fetched successfully.
Fetching Spot portfolio data...
Spot portfolio data fetched successfully.
Fetching Spot portfolio data...
Spot portfolio data fetched successfully.
Fetching Spot portfolio data...
Spot portfolio data fetched successfully.
Fetching Spot portfolio data...
Spot portfolio data fetched successfully.
Fetching Spot portfolio data...
Spot portfolio data fetched successfully.
Fetching Spot portfolio data...
Spot portfolio data fetched successfully.
Fetching Spot portfolio data...
Spot portfolio data fetched successfully.
Fetching Spot portfolio data...
Spot portfolio data fetched successfully.
Fetching Spot portfolio data...
Spot portfolio data fetched successfully.
Fetching Spot portfolio data...
Spot portfolio data fetched successfully.
Fetching Spot portfolio data...
Spot portfolio data fetched successfully.
Fetching Spot portfolio data...
Spot portfolio data fetched successfully.
Fetching Spot portfolio data...
Spot portfolio data fetched successfully.
Fetching Spot portfolio data...
Spot portfolio data fetched successfully.
Fetching Spot portfolio data...
Spot portfolio data fetched successfully.
Fetching Spot portfolio data...
Spot portfolio data fetched successfully.
Fetching Spot portfolio data...
Spot portfolio data fetched successfully.
Fetching Spot portfolio data...
Spot portfolio data fetched successfully.
Fetching Spot portfolio data...
Spot portfolio data fetched successfully.
Fetching Spot portfolio data...
Spot portfolio data fetched successfully.
Fetching Spot portfolio data...
Spot portfolio data fetched successfully.
Fetching Spot portfolio data...
Spot portfolio data fetched successfully.
Fetching Spot portfolio data...
Spot portfolio data fetched successfully.
Fetching Spot portfolio data...
Spot portfolio data fetched successfully.
Fetching Spot portfolio data...
Spot portfolio data fetched successfully.
Fetching Spot portfolio data...
Spot portfolio data fetched successfully.
Fetching Spot portfolio data...
Spot portfolio data fetched successfully.
Fetching Spot portfolio data...
Spot portfolio data fetched successfully.
Fetching Spot portfolio data...
Spot portfolio data fetched successfully.
Fetching Spot portfolio data...
Spot portfolio data fetched successfully.
Fetching Spot portfolio data...
Spot portfolio data fetched successfully.
Fetching Spot portfolio data...
Spot portfolio data fetched successfully.
Fetching Spot portfolio data...
Spot portfolio data fetched successfully.
Fetching Spot portfolio data...
Spot portfolio data fetched successfully.
Fetching Spot portfolio data...
Spot portfolio data fetched successfully.
Fetching Spot portfolio data...
Spot portfolio data fetched successfully.
Fetching Spot portfolio data...
Spot portfolio data fetched successfully.
Fetching Spot portfolio data...
Spot portfolio data fetched successfully.
Fetching Spot portfolio data...
Spot portfolio data fetched successfully.
Fetching Spot portfolio data...
Spot portfolio data fetched successfully.
Fetching Spot portfolio data...
Spot portfolio data fetched successfully.
Fetching Spot portfolio data...
Spot portfolio data fetched successfully.
Fetching Spot portfolio data...
Spot portfolio data fetched successfully.
Fetching Spot portfolio data...
Spot portfolio data fetched successfully.
Fetching Spot portfolio data...
Spot portfolio data fetched successfully.
Fetching Spot portfolio data...
Spot portfolio data fetched successfully.
Fetching Spot portfolio data...
Spot portfolio data fetched successfully.
Fetching Spot portfolio data...
Spot portfolio data fetched successfully.
Fetching Spot portfolio data...
Spot portfolio data fetched successfully.
Fetching Spot portfolio data...
Spot portfolio data fetched successfully.
Fetching Spot portfolio data...
Spot portfolio data fetched successfully.
Fetching Spot portfolio data...
Spot portfolio data fetched successfully.
Fetching Spot portfolio data...
Spot portfolio data fetched successfully.
Fetching Spot portfolio data...
Spot portfolio data fetched successfully.
Fetching Spot portfolio data...
Spot portfolio data fetched successfully.
Fetching Spot portfolio data...
Spot portfolio data fetched successfully.
Fetching Spot portfolio data...
Spot portfolio data fetched successfully.
Fetching Spot portfolio data...
Spot portfolio data fetched successfully.
Fetching Spot portfolio data...
Spot portfolio data fetched successfully.
Fetching Spot portfolio data...
Spot portfolio data fetched successfully.
Fetching Spot portfolio data...
Spot portfolio data fetched successfully.
Fetching Spot portfolio data...
Spot portfolio data fetched successfully.
Fetching Spot portfolio data...
Spot portfolio data fetched successfully.
Fetching Spot portfolio data...
Spot portfolio data fetched successfully.
Fetching Spot portfolio data...
Spot portfolio data fetched successfully.
Fetching Spot portfolio data...
Spot portfolio data fetched successfully.
Fetching Spot portfolio data...
Spot portfolio data fetched successfully.
Fetching Spot portfolio data...
Spot portfolio data fetched successfully.
Fetching Spot portfolio data...
Spot portfolio data fetched successfully.
Fetching Spot portfolio data...
Spot portfolio data fetched successfully.
Fetching Spot portfolio data...
Spot portfolio data fetched successfully.
Fetching Spot portfolio data...
Spot portfolio data fetched successfully.
Fetching Spot portfolio data...
Spot portfolio data fetched successfully.
Fetching Spot portfolio data...
Spot portfolio data fetched successfully.
Fetching Spot portfolio data...
Spot portfolio data fetched successfully.
Fetching Spot portfolio data...
Spot portfolio data fetched successfully.
Fetching Spot portfolio data...
Spot portfolio data fetched successfully.
Fetching Spot portfolio data...
Spot portfolio data fetched successfully.
Fetching Spot portfolio data...
Spot portfolio data fetched successfully.
Fetching Spot portfolio data...
Spot portfolio data fetched successfully.
Fetching Spot portfolio data...
Spot portfolio data fetched successfully.
Fetching Spot portfolio data...
Spot portfolio data fetched successfully.
Fetching Spot portfolio data...
Spot portfolio data fetched successfully.
Fetching Spot portfolio data...
Spot portfolio data fetched successfully.
Fetching Spot portfolio data...
Spot portfolio data fetched successfully.
Fetching Spot portfolio data...
Spot portfolio data fetched successfully.
Fetching Spot portfolio data...
Spot portfolio data fetched successfully.
Fetching Spot portfolio data...
Spot portfolio data fetched successfully.
Fetching Spot portfolio data...
Spot portfolio data fetched successfully.
Fetching Spot portfolio data...
Spot portfolio data fetched successfully.
Fetching Spot portfolio data...
Spot portfolio data fetched successfully.
Fetching Spot portfolio data...
Spot portfolio data fetched successfully.
Fetching Spot portfolio data...
Spot portfolio data fetched successfully.
Fetching Spot portfolio data...
Spot portfolio data fetched successfully.
Fetching Spot portfolio data...
Spot portfolio data fetched successfully.
Fetching Spot portfolio data...
Spot portfolio data fetched successfully.
Fetching Spot portfolio data...
Spot portfolio data fetched successfully.
Fetching Spot portfolio data...
Spot portfolio data fetched successfully.
Fetching Spot portfolio data...
Spot portfolio data fetched successfully.
Fetching Spot portfolio data...
Spot portfolio data fetched successfully.
Fetching Spot portfolio data...
Spot portfolio data fetched successfully.
Fetching Spot portfolio data...
Spot portfolio data fetched successfully.
Fetching Spot portfolio data...
Spot portfolio data fetched successfully.
Fetching Spot portfolio data...
Spot portfolio data fetched successfully.
Fetching Spot portfolio data...
Spot portfolio data fetched successfully.
Fetching Spot portfolio data...
Spot portfolio data fetched successfully.
